e:\lms\semester 1\cs110\my codes\game_coin\jahaz\debug\vc120.pdb
e:\lms\semester 1\cs110\my codes\game_coin\jahaz\debug\vc120.idb
e:\lms\semester 1\cs110\my codes\game_coin\jahaz\debug\main.obj
e:\lms\semester 1\cs110\my codes\game_coin\jahaz\debug\textures.obj
e:\lms\semester 1\cs110\my codes\game_coin\jahaz\debug\source.obj
e:\lms\semester 1\cs110\my codes\game_coin\jahaz\debug\source1.obj
e:\lms\semester 1\cs110\my codes\game_coin\jahaz\debug\saleen.obj
e:\lms\semester 1\cs110\my codes\game_coin\jahaz\debug\source2.obj
e:\lms\jahaz\debug\vc120.pdb
e:\lms\jahaz\debug\vc120.idb
e:\lms\jahaz\debug\main.obj
e:\lms\jahaz\debug\source.obj
e:\lms\jahaz\debug\textures.obj
e:\lms\jahaz\debug\source1.obj
e:\lms\semester 1\cs110\my codes\game_coin\jahaz\debug\jahaz.ilk
e:\lms\semester 1\cs110\my codes\game_coin\jahaz\debug\jahaz.exe
e:\lms\semester 1\cs110\my codes\game_coin\jahaz\debug\jahaz.pdb
e:\lms\jahaz\debug\jahaz.ilk
e:\lms\jahaz\debug\jahaz.exe
e:\lms\jahaz\debug\jahaz.pdb
e:\lms\jahaz\debug\saleen.obj
e:\lms\jahaz\debug\source2.obj
e:\lms\jahaz\debug\jahaz.tlog\cl.command.1.tlog
e:\lms\jahaz\debug\jahaz.tlog\cl.read.1.tlog
e:\lms\jahaz\debug\jahaz.tlog\cl.write.1.tlog
e:\lms\jahaz\debug\jahaz.tlog\link.command.1.tlog
e:\lms\jahaz\debug\jahaz.tlog\link.read.1.tlog
e:\lms\jahaz\debug\jahaz.tlog\link.write.1.tlog
